[    0.000000] Linux version 4.15.0-124-generic (buildd@lgw01-amd64-029) (gcc version 7.5.0 (Ubuntu 7.5.0-3ubuntu1~18.04)) #127-Ubuntu SMP Fri Nov 6 10:54:43 UTC 2020 (Ubuntu 4.15.0-124.127-generic 4.15.18)
[    0.000000] Command line: BOOT_IMAGE=/boot/vmlinuz-4.15.0-124-generic root=LABEL=cloudimg-rootfs ro console=tty1 console=ttyS0
[    0.000000] KERNEL supported cpus:
[    0.000000]   Intel GenuineIntel
[    0.000000]   AMD AuthenticAMD
[    0.000000]   Centaur CentaurHauls
[    0.000000] x86/fpu: Supporting XSAVE feature 0x001: 'x87 floating point registers'
[    0.000000] x86/fpu: Supporting XSAVE feature 0x002: 'SSE registers'
[    0.000000] x86/fpu: Enabled xstate features 0x3, context size is 576 bytes, using 'standard' format.
[    0.000000] e820: BIOS-provided physical RAM map:
[    0.000000] BIOS-e820: [mem 0x0000000000000000-0x000000000009fbff] usable
[    0.000000] BIOS-e820: [mem 0x000000000009fc00-0x000000000009ffff] reserved
[    0.000000] BIOS-e820: [mem 0x00000000000f0000-0x00000000000fffff] reserved
[    0.000000] BIOS-e820: [mem 0x0000000000100000-0x000000003ffeffff] usable
[    0.000000] BIOS-e820: [mem 0x000000003fff0000-0x000000003fffffff] ACPI data
[    0.000000] BIOS-e820: [mem 0x00000000fec00000-0x00000000fec00fff] reserved
[    0.000000] BIOS-e820: [mem 0x00000000fee00000-0x00000000fee00fff] reserved
[    0.000000] BIOS-e820: [mem 0x00000000fffc0000-0x00000000ffffffff] reserved
[    0.000000] NX (Execute Disable) protection: active
[    0.000000] SMBIOS 2.5 present.
[    0.000000] DMI: innotek GmbH VirtualBox/VirtualBox, BIOS VirtualBox 12/01/2006
[    0.000000] Hypervisor detected: KVM
[    0.000000] e820: last_pfn = 0x3fff0 max_arch_pfn = 0x400000000
[    0.000000] MTRR: Disabled
[    0.000000] x86/PAT: MTRRs disabled, skipping PAT initialization too.
[    0.000000] CPU MTRRs all blank - virtualized system.
[    0.000000] x86/PAT: Configuration [0-7]: WB  WT  UC- UC  WB  WT  UC- UC  
[    0.000000] found SMP MP-table at [mem 0x0009fff0-0x0009ffff]
[    0.000000] Scanning 1 areas for low memory corruption
[    0.000000] RAMDISK: [mem 0x35a67000-0x36d2afff]
[    0.000000] ACPI: Early table checksum verification disabled
[    0.000000] ACPI: RSDP 0x00000000000E0000 000024 (v02 VBOX  )
[    0.000000] ACPI: XSDT 0x000000003FFF0030 00003C (v01 VBOX   VBOXXSDT 00000001 ASL  00000061)
[    0.000000] ACPI: FACP 0x000000003FFF00F0 0000F4 (v04 VBOX   VBOXFACP 00000001 ASL  00000061)
[    0.000000] ACPI: DSDT 0x000000003FFF0470 002325 (v02 VBOX   VBOXBIOS 00000002 INTL 20100528)
[    0.000000] ACPI: FACS 0x000000003FFF0200 000040
[    0.000000] ACPI: FACS 0x000000003FFF0200 000040
[    0.000000] ACPI: APIC 0x000000003FFF0240 00005C (v02 VBOX   VBOXAPIC 00000001 ASL  00000061)
[    0.000000] ACPI: SSDT 0x000000003FFF02A0 0001CC (v01 VBOX   VBOXCPUT 00000002 INTL 20100528)
[    0.000000] No NUMA configuration found
[    0.000000] Faking a node at [mem 0x0000000000000000-0x000000003ffeffff]
[    0.000000] NODE_DATA(0) allocated [mem 0x3ffc5000-0x3ffeffff]
[    0.000000] kvm-clock: cpu 0, msr 0:3ff44001, primary cpu clock
[    0.000000] kvm-clock: Using msrs 4b564d01 and 4b564d00
[    0.000000] kvm-clock: using sched offset of 5257525642 cycles
[    0.000000] clocksource: kvm-clock: mask: 0xffffffffffffffff max_cycles: 0x1cd42e4dffb, max_idle_ns: 881590591483 ns
[    0.000000] Zone ranges:
[    0.000000]   DMA      [mem 0x0000000000001000-0x0000000000ffffff]
[    0.000000]   DMA32    [mem 0x0000000001000000-0x000000003ffeffff]
[    0.000000]   Normal   empty
[    0.000000]   Device   empty
[    0.000000] Movable zone start for each node
[    0.000000] Early memory node ranges
[    0.000000]   node   0: [mem 0x0000000000001000-0x000000000009efff]
[    0.000000]   node   0: [mem 0x0000000000100000-0x000000003ffeffff]
[    0.000000] Reserved but unavailable: 98 pages
[    0.000000] Initmem setup node 0 [mem 0x0000000000001000-0x000000003ffeffff]
[    0.000000] ACPI: PM-Timer IO Port: 0x4008
[    0.000000] IOAPIC[0]: apic_id 2, version 32, address 0xfec00000, GSI 0-23
[    0.000000] ACPI: INT_SRC_OVR (bus 0 bus_irq 0 global_irq 2 dfl dfl)
[    0.000000] ACPI: INT_SRC_OVR (bus 0 bus_irq 9 global_irq 9 low level)
[    0.000000] Using ACPI (MADT) for SMP configuration information
[    0.000000] smpboot: Allowing 2 CPUs, 0 hotplug CPUs
[    0.000000] PM: Registered nosave memory: [mem 0x00000000-0x00000fff]
[    0.000000] PM: Registered nosave memory: [mem 0x0009f000-0x0009ffff]
[    0.000000] PM: Registered nosave memory: [mem 0x000a0000-0x000effff]
[    0.000000] PM: Registered nosave memory: [mem 0x000f0000-0x000fffff]
[    0.000000] e820: [mem 0x40000000-0xfebfffff] available for PCI devices
[    0.000000] Booting paravirtualized kernel on KVM
[    0.000000] clocksource: refined-jiffies: mask: 0xffffffff max_cycles: 0xffffffff, max_idle_ns: 7645519600211568 ns
[    0.000000] random: get_random_bytes called from start_kernel+0x99/0x500 with crng_init=0
[    0.000000] setup_percpu: NR_CPUS:8192 nr_cpumask_bits:2 nr_cpu_ids:2 nr_node_ids:1
[    0.000000] percpu: Embedded 45 pages/cpu s147456 r8192 d28672 u1048576
[    0.000000] PV qspinlock hash table entries: 256 (order: 0, 4096 bytes)
[    0.000000] Built 1 zonelists, mobility grouping on.  Total pages: 257913
[    0.000000] Policy zone: DMA32
[    0.000000] Kernel command line: BOOT_IMAGE=/boot/vmlinuz-4.15.0-124-generic root=LABEL=cloudimg-rootfs ro console=tty1 console=ttyS0
[    0.000000] Memory: 983032K/1048120K available (12300K kernel code, 2482K rwdata, 4272K rodata, 2436K init, 2724K bss, 65088K reserved, 0K cma-reserved)
[    0.000000] SLUB: HWalign=64, Order=0-3, MinObjects=0, CPUs=2, Nodes=1
[    0.000000] Kernel/User page tables isolation: enabled
[    0.000000] ftrace: allocating 39402 entries in 154 pages
[    0.004000] Hierarchical RCU implementation.
[    0.004000] 	RCU restricting CPUs from NR_CPUS=8192 to nr_cpu_ids=2.
[    0.004000] 	Tasks RCU enabled.
[    0.004000] RCU: Adjusting geometry for rcu_fanout_leaf=16, nr_cpu_ids=2
[    0.004000] NR_IRQS: 524544, nr_irqs: 440, preallocated irqs: 16
[    0.004000] Console: colour VGA+ 80x25
[    0.004000] console [tty1] enabled
[    0.004000] console [ttyS0] enabled
[    0.004000] ACPI: Core revision 20170831
[    0.004000] ACPI: 2 ACPI AML tables successfully acquired and loaded
[    0.004000] APIC: Switch to symmetric I/O mode setup
[    0.004000] x2apic enabled
[    0.004013] Switched APIC routing to physical x2apic.
[    0.008000] ..TIMER: vector=0x30 apic1=0 pin1=2 apic2=-1 pin2=-1
[    0.008008] tsc: Detected 1608.003 MHz processor
[    0.009960] Calibrating delay loop (skipped) preset value.. 3216.00 BogoMIPS (lpj=6432012)
[    0.012008] pid_max: default: 32768 minimum: 301
[    0.013970] Security Framework initialized
[    0.016009] Yama: becoming mindful.
[    0.020064] AppArmor: AppArmor initialized
[    0.024096] Dentry cache hash table entries: 131072 (order: 8, 1048576 bytes)
[    0.028123] Inode-cache hash table entries: 65536 (order: 7, 524288 bytes)
[    0.032030] Mount-cache hash table entries: 2048 (order: 2, 16384 bytes)
[    0.036024] Mountpoint-cache hash table entries: 2048 (order: 2, 16384 bytes)
[    0.040534] Last level iTLB entries: 4KB 64, 2MB 8, 4MB 8
[    0.044011] Last level dTLB entries: 4KB 64, 2MB 0, 4MB 0, 1GB 4
[    0.046471] Spectre V1 : Mitigation: usercopy/swapgs barriers and __user pointer sanitization
[    0.048008] Spectre V2 : Mitigation: Full generic retpoline
[    0.052010] Spectre V2 : Spectre v2 / SpectreRSB mitigation: Filling RSB on context switch
[    0.056006] Speculative Store Bypass: Vulnerable
[    0.058339] SRBDS: Unknown: Dependent on hypervisor status
[    0.060007] MDS: Mitigation: Clear CPU buffers
[    0.062307] Freeing SMP alternatives memory: 36K
[    0.178226] smpboot: CPU0: Intel(R) Pentium(R) CPU 4415Y @ 1.60GHz (family: 0x6, model: 0x8e, stepping: 0x9)
[    0.180177] Performance Events: unsupported p6 CPU model 142 no PMU driver, software events only.
[    0.184103] Hierarchical SRCU implementation.
[    0.187182] NMI watchdog: Perf event create on CPU 0 failed with -2
[    0.188007] NMI watchdog: Perf NMI watchdog permanently disabled
[    0.192108] smp: Bringing up secondary CPUs ...
[    0.194251] x86: Booting SMP configuration:
[    0.196007] .... node  #0, CPUs:      #1
[    0.004000] kvm-clock: cpu 1, msr 0:3ff44041, secondary cpu clock
[    0.204042] smp: Brought up 1 node, 2 CPUs
[    0.208013] smpboot: Max logical packages: 1
[    0.210033] smpboot: Total of 2 processors activated (6432.01 BogoMIPS)
[    0.212259] devtmpfs: initialized
[    0.216197] x86/mm: Memory block size: 128MB
[    0.218501] evm: security.selinux
[    0.220008] evm: security.SMACK64
[    0.221541] evm: security.SMACK64EXEC
[    0.223175] evm: security.SMACK64TRANSMUTE
[    0.224005] evm: security.SMACK64MMAP
[    0.225761] evm: security.apparmor
[    0.228005] evm: security.ima
[    0.229439] evm: security.capability
[    0.232373] clocksource: jiffies: mask: 0xffffffff max_cycles: 0xffffffff, max_idle_ns: 7645041785100000 ns
[    0.236021] futex hash table entries: 512 (order: 3, 32768 bytes)
[    0.244000] pinctrl core: initialized pinctrl subsystem
[    0.244343] RTC time: 10:29:36, date: 11/24/20
[    0.248124] NET: Registered protocol family 16
[    0.250451] audit: initializing netlink subsys (disabled)
[    0.252077] audit: type=2000 audit(1606213783.227:1): state=initialized audit_enabled=0 res=1
[    0.256015] cpuidle: using governor ladder
[    0.258031] cpuidle: using governor menu
[    0.260096] ACPI: bus type PCI registered
[    0.262381] acpiphp: ACPI Hot Plug PCI Controller Driver version: 0.5
[    0.264264] PCI: Using configuration type 1 for base access
[    0.272101] HugeTLB registered 2.00 MiB page size, pre-allocated 0 pages
[    0.276183] ACPI: Added _OSI(Module Device)
[    0.278305] ACPI: Added _OSI(Processor Device)
[    0.280024] ACPI: Added _OSI(3.0 _SCP Extensions)
[    0.282253] ACPI: Added _OSI(Processor Aggregator Device)
[    0.284023] ACPI: Added _OSI(Linux-Dell-Video)
[    0.286055] ACPI: Added _OSI(Linux-Lenovo-NV-HDMI-Audio)
[    0.288008] ACPI: Added _OSI(Linux-HPI-Hybrid-Graphics)
[    0.292577] ACPI: Executed 1 blocks of module-level executable AML code
[    0.305004] ACPI: Interpreter enabled
[    0.306808] ACPI: (supports S0 S5)
[    0.308006] ACPI: Using IOAPIC for interrupt routing
[    0.311091] PCI: Using host bridge windows from ACPI; if necessary, use "pci=nocrs" and report a bug
[    0.316283] ACPI: Enabled 2 GPEs in block 00 to 07
[    0.334161] ACPI: PCI Root Bridge [PCI0] (domain 0000 [bus 00-ff])
[    0.336017] acpi PNP0A03:00: _OSC: OS supports [ASPM ClockPM Segments MSI]
[    0.340779] acpi PNP0A03:00: _OSC: not requesting OS control; OS requires [ExtendedConfig ASPM ClockPM MSI]
[    0.344029] acpi PNP0A03:00: fail to add MMCONFIG information, can't access extended PCI configuration space under this bridge.
[    0.348976] PCI host bridge to bus 0000:00
[    0.352014] pci_bus 0000:00: root bus resource [io  0x0000-0x0cf7 window]
[    0.354719] pci_bus 0000:00: root bus resource [io  0x0d00-0xffff window]
[    0.356009] pci_bus 0000:00: root bus resource [mem 0x000a0000-0x000bffff window]
[    0.360009] pci_bus 0000:00: root bus resource [mem 0x40000000-0xfdffffff window]
[    0.364016] pci_bus 0000:00: root bus resource [bus 00-ff]
[    0.371946] pci 0000:00:01.1: legacy IDE quirk: reg 0x10: [io  0x01f0-0x01f7]
[    0.372008] pci 0000:00:01.1: legacy IDE quirk: reg 0x14: [io  0x03f6]
[    0.376008] pci 0000:00:01.1: legacy IDE quirk: reg 0x18: [io  0x0170-0x0177]
[    0.380014] pci 0000:00:01.1: legacy IDE quirk: reg 0x1c: [io  0x0376]
[    0.413910] pci 0000:00:07.0: quirk: [io  0x4000-0x403f] claimed by PIIX4 ACPI
[    0.416041] pci 0000:00:07.0: quirk: [io  0x4100-0x410f] claimed by PIIX4 SMB
[    0.435452] ACPI: PCI Interrupt Link [LNKA] (IRQs 5 9 10 *11)
[    0.436830] ACPI: PCI Interrupt Link [LNKB] (IRQs 5 9 *10 11)
[    0.440325] ACPI: PCI Interrupt Link [LNKC] (IRQs 5 *9 10 11)
[    0.444285] ACPI: PCI Interrupt Link [LNKD] (IRQs 5 9 10 *11)
[    0.448000] SCSI subsystem initialized
[    0.448110] pci 0000:00:02.0: vgaarb: setting as boot VGA device
[    0.450525] pci 0000:00:02.0: vgaarb: VGA device added: decodes=io+mem,owns=io+mem,locks=none
[    0.452011] pci 0000:00:02.0: vgaarb: bridge control possible
[    0.456006] vgaarb: loaded
[    0.457347] ACPI: bus type USB registered
[    0.460052] usbcore: registered new interface driver usbfs
[    0.464055] usbcore: registered new interface driver hub
[    0.466278] usbcore: registered new device driver usb
[    0.468158] EDAC MC: Ver: 3.0.0
[    0.472427] PCI: Using ACPI for IRQ routing
[    0.474878] NetLabel: Initializing
[    0.476014] NetLabel:  domain hash size = 128
[    0.480008] NetLabel:  protocols = UNLABELED CIPSOv4 CALIPSO
[    0.484050] NetLabel:  unlabeled traffic allowed by default
[    0.488015] clocksource: Switched to clocksource kvm-clock
[    0.527877] VFS: Disk quotas dquot_6.6.0
[    0.530017] VFS: Dquot-cache hash table entries: 512 (order 0, 4096 bytes)
[    0.533108] AppArmor: AppArmor Filesystem Enabled
[    0.535181] pnp: PnP ACPI init
[    0.539711] pnp: PnP ACPI: found 3 devices
[    0.558297] clocksource: acpi_pm: mask: 0xffffff max_cycles: 0xffffff, max_idle_ns: 2085701024 ns
[    0.562197] NET: Registered protocol family 2
[    0.564891] TCP established hash table entries: 8192 (order: 4, 65536 bytes)
[    0.567802] TCP bind hash table entries: 8192 (order: 5, 131072 bytes)
[    0.574830] TCP: Hash tables configured (established 8192 bind 8192)
[    0.580016] UDP hash table entries: 512 (order: 2, 16384 bytes)
[    0.582598] UDP-Lite hash table entries: 512 (order: 2, 16384 bytes)
[    0.585245] NET: Registered protocol family 1
[    0.591189] pci 0000:00:00.0: Limiting direct PCI/PCI transfers
[    0.593723] pci 0000:00:01.0: Activating ISA DMA hang workarounds
[    0.596667] pci 0000:00:02.0: Video device with shadowed ROM at [mem 0x000c0000-0x000dffff]
[    0.600481] Unpacking initramfs...
[    1.405009] Freeing initrd memory: 19216K
[    1.407362] clocksource: tsc: mask: 0xffffffffffffffff max_cycles: 0x172dacfb38b, max_idle_ns: 440795204692 ns
[    1.414469] platform rtc_cmos: registered platform RTC device (no PNP device found)
[    1.419299] Scanning for low memory corruption every 60 seconds
[    1.424930] Initialise system trusted keyrings
[    1.427855] Key type blacklist registered
[    1.430795] workingset: timestamp_bits=36 max_order=18 bucket_order=0
[    1.437651] zbud: loaded
[    1.440005] squashfs: version 4.0 (2009/01/31) Phillip Lougher
[    1.442932] fuse init (API version 7.26)
[    1.449778] Key type asymmetric registered
[    1.451532] Asymmetric key parser 'x509' registered
[    1.453745] Block layer SCSI generic (bsg) driver version 0.4 loaded (major 246)
[    1.457058] io scheduler noop registered
[    1.458733] io scheduler deadline registered
[    1.460627] io scheduler cfq registered (default)
[    1.463132] ACPI: AC Adapter [AC] (on-line)
[    1.465387] input: Power Button as /devices/LNXSYSTM:00/LNXPWRBN:00/input/input0
[    1.469358] ACPI: Power Button [PWRF]
[    1.471502] input: Sleep Button as /devices/LNXSYSTM:00/LNXSLPBN:00/input/input1
[    1.476480] ACPI: Sleep Button [SLPF]
[    1.481637] Serial: 8250/16550 driver, 32 ports, IRQ sharing enabled
[    1.486627] ACPI: Battery Slot [BAT0] (battery present)
[    1.506610] 00:02: ttyS0 at I/O 0x3f8 (irq = 4, base_baud = 115200) is a 16550A
[    1.518916] Linux agpgart interface v0.103
[    1.524056] loop: module loaded
[    1.526995] scsi host0: ata_piix
[    1.528924] scsi host1: ata_piix
[    1.530467] ata1: PATA max UDMA/33 cmd 0x1f0 ctl 0x3f6 bmdma 0xd000 irq 14
[    1.533526] ata2: PATA max UDMA/33 cmd 0x170 ctl 0x376 bmdma 0xd008 irq 15
[    1.537217] libphy: Fixed MDIO Bus: probed
[    1.538925] tun: Universal TUN/TAP device driver, 1.6
[    1.541247] PPP generic driver version 2.4.2
[    1.543203] ehci_hcd: USB 2.0 'Enhanced' Host Controller (EHCI) Driver
[    1.545822] ehci-pci: EHCI PCI platform driver
[    1.547948] ehci-platform: EHCI generic platform driver
[    1.550375] ohci_hcd: USB 1.1 'Open' Host Controller (OHCI) Driver
[    1.552878] ohci-pci: OHCI PCI platform driver
[    1.554728] ohci-platform: OHCI generic platform driver
[    1.556942] uhci_hcd: USB Universal Host Controller Interface driver
[    1.559606] i8042: PNP: PS/2 Controller [PNP0303:PS2K,PNP0f03:PS2M] at 0x60,0x64 irq 1,12
[    1.564009] serio: i8042 KBD port at 0x60,0x64 irq 1
[    1.566493] serio: i8042 AUX port at 0x60,0x64 irq 12
[    1.569162] mousedev: PS/2 mouse device common for all mice
[    1.573150] input: AT Translated Set 2 keyboard as /devices/platform/i8042/serio0/input/input2
[    1.576343] rtc_cmos rtc_cmos: rtc core: registered rtc_cmos as rtc0
[    1.581708] rtc_cmos rtc_cmos: alarms up to one day, 114 bytes nvram
[    1.586072] i2c /dev entries driver
[    1.588062] device-mapper: uevent: version 1.0.3
[    1.590497] device-mapper: ioctl: 4.37.0-ioctl (2017-09-20) initialised: dm-devel@redhat.com
[    1.594255] ledtrig-cpu: registered to indicate activity on CPUs
[    1.598190] NET: Registered protocol family 10
[    1.609149] Segment Routing with IPv6
[    1.611435] NET: Registered protocol family 17
[    1.613577] Key type dns_resolver registered
[    1.616384] mce: Using 0 MCE banks
[    1.617972] RAS: Correctable Errors collector initialized.
[    1.620255] sched_clock: Marking stable (1616337872, 0)->(2013668950, -397331078)
[    1.624782] registered taskstats version 1
[    1.627187] Loading compiled-in X.509 certificates
[    1.634618] Loaded X.509 cert 'Build time autogenerated kernel key: be62403dcace2d46f96dafa9f42421c610ef3c2a'
[    1.638746] zswap: loaded using pool lzo/zbud
[    1.648917] Key type big_key registered
[    1.650598] Key type trusted registered
[    1.655735] Key type encrypted registered
[    1.657570] AppArmor: AppArmor sha1 policy hashing enabled
[    1.659821] ima: No TPM chip found, activating TPM-bypass! (rc=-19)
[    1.662389] ima: Allocated hash algorithm: sha1
[    1.664347] evm: HMAC attrs: 0x1
[    1.666473]   Magic number: 12:819:477
[    1.668434] rtc_cmos rtc_cmos: setting system clock to 2020-11-24 10:29:38 UTC (1606213778)
[    1.672050] BIOS EDD facility v0.16 2004-Jun-25, 0 devices found
[    1.674481] EDD information not available.
[    2.108283] Freeing unused kernel image memory: 2436K
[    2.124184] Write protecting the kernel read-only data: 20480k
[    2.128558] Freeing unused kernel image memory: 2008K
[    2.131592] Freeing unused kernel image memory: 1872K
[    2.155068] x86/mm: Checked W+X mappings: passed, no W+X pages found.
[    2.157950] x86/mm: Checking user space page tables
[    2.179927] x86/mm: Checked W+X mappings: passed, no W+X pages found.
Loading, please wait...
starting version 237
[    2.368578] Fusion MPT base driver 3.04.20
[    2.371669] Copyright (c) 1999-2008 LSI Corporation
[    2.374913] e1000: Intel(R) PRO/1000 Network Driver - version 7.3.21-k8-NAPI
[    2.379768] e1000: Copyright (c) 1999-2006 Intel Corporation.
[    2.389081] Fusion MPT SPI Host driver 3.04.20
[    2.499271] SSE version of gcm_enc/dec engaged.
[    2.639245] input: ImExPS/2 Generic Explorer Mouse as /devices/platform/i8042/serio1/input/input4
[    2.959801] e1000 0000:00:03.0 eth0: (PCI:33MHz:32-bit) 02:45:4d:8a:ec:99
[    2.962630] e1000 0000:00:03.0 eth0: Intel(R) PRO/1000 Network Connection
[    2.970026] e1000 0000:00:03.0 enp0s3: renamed from eth0
[    2.972491] mptbase: ioc0: Initiating bringup
[    3.069759] ioc0: LSI53C1030 A0: Capabilities={Initiator}
[    3.322068] scsi host2: ioc0: LSI53C1030 A0, FwRev=00000000h, Ports=1, MaxQ=256, IRQ=20
[    3.493933] scsi 2:0:0:0: Direct-Access     VBOX     HARDDISK         1.0  PQ: 0 ANSI: 5
[    4.432179] scsi target2:0:0: Beginning Domain Validation
[    4.445026] scsi target2:0:0: Domain Validation skipping write tests
[    4.448157] scsi target2:0:0: Ending Domain Validation
[    4.450642] scsi target2:0:0: asynchronous
[    4.454694] scsi 2:0:1:0: Direct-Access     VBOX     HARDDISK         1.0  PQ: 0 ANSI: 5
[    5.165408] scsi target2:0:1: Beginning Domain Validation
[    5.173319] random: fast init done
[    5.180543] scsi target2:0:1: Domain Validation skipping write tests
[    5.183397] scsi target2:0:1: Ending Domain Validation
[    5.186005] scsi target2:0:1: asynchronous
[    5.199067] random: systemd-udevd: uninitialized urandom read (16 bytes read)
[    5.202297] random: systemd-udevd: uninitialized urandom read (16 bytes read)
[    5.206021] random: systemd-udevd: uninitialized urandom read (16 bytes read)
[    5.209512] sd 2:0:0:0: Attached scsi generic sg0 type 0
[    5.212699] sd 2:0:0:0: [sda] 20971520 512-byte logical blocks: (10.7 GB/10.0 GiB)
[    5.213067] sd 2:0:1:0: Attached scsi generic sg1 type 0
[    5.218922] sd 2:0:0:0: [sda] Write Protect is off
[    5.222446] sd 2:0:1:0: [sdb] 20480 512-byte logical blocks: (10.5 MB/10.0 MiB)
[    5.225833] sd 2:0:0:0: [sda] Incomplete mode parameter data
[    5.228250] sd 2:0:0:0: [sda] Assuming drive cache: write through
[    5.230822] sd 2:0:1:0: [sdb] Write Protect is off
[    5.233599] sd 2:0:1:0: [sdb] Incomplete mode parameter data
[    5.236049] sd 2:0:1:0: [sdb] Assuming drive cache: write through
[    5.243714]  sda: sda1
[    5.248988] sd 2:0:0:0: [sda] Attached SCSI disk
[    5.251098] sd 2:0:1:0: [sdb] Attached SCSI disk
Begin: Loading essential drivers ... [    7.564154] raid6: sse2x1   gen()  4967 MB/s
[    7.612039] raid6: sse2x1   xor()  3851 MB/s
[    7.660812] raid6: sse2x2   gen()  6586 MB/s
[    7.708689] raid6: sse2x2   xor()  4465 MB/s
[    7.756524] raid6: sse2x4   gen()  5188 MB/s
[    7.804378] raid6: sse2x4   xor()  3057 MB/s
[    7.807024] raid6: using algorithm sse2x2 gen() 6586 MB/s
[    7.812958] raid6: .... xor() 4465 MB/s, rmw enabled
[    7.817625] raid6: using ssse3x2 recovery algorithm
[    7.823887] xor: measuring software checksum speed
[    7.864347]    prefetch64-sse:  6783.000 MB/sec
[    7.904383]    generic_sse:  6027.000 MB/sec
[    7.906861] xor: using function: prefetch64-sse (6783.000 MB/sec)
[    7.912871] async_tx: api initialized (async)
done.
Begin: Running /scripts/init-premount ... done.
Begin: Mounting root file system ... Begin: Running /scripts/local-top ... done.
Begin: Running /scripts/local-premount ... [    8.017716] Btrfs loaded, crc32c=crc32c-intel
Scanning for Btrfs filesystems
done.
Warning: fsck not present, so skipping root file system
[    8.096758] EXT4-fs (sda1): mounted filesystem with ordered data mode. Opts: (null)
done.
Begin: Running /scripts/local-bottom ... done.
Begin: Running /scripts/init-bottom ... done.
[    8.403489] ip_tables: (C) 2000-2006 Netfilter Core Team
[    8.428510] systemd[1]: systemd 237 running in system mode. (+PAM +AUDIT +SELINUX +IMA +APPARMOR +SMACK +SYSVINIT +UTMP +LIBCRYPTSETUP +GCRYPT +GNUTLS +ACL +XZ +LZ4 +SECCOMP +BLKID +ELFUTILS +KMOD -IDN2 +IDN -PCRE2 default-hierarchy=hybrid)
[    8.437417] systemd[1]: Detected virtualization oracle.
[    8.439688] systemd[1]: Detected architecture x86-64.

Welcome to [1mUbuntu 18.04.5 LTS[0m!

[    8.454627] systemd[1]: Set hostname to <ubuntu>.
[    8.467422] systemd[1]: Initializing machine ID from random generator.
[    8.470710] systemd[1]: Installed transient /etc/machine-id file.
[    9.045253] systemd[1]: Set up automount Arbitrary Executable File Formats File System Automount Point.
[[0;32m  OK  [0m] Set up automount Arbitrary Executab…rmats File System Automount Point.
[    9.053333] systemd[1]: Started Forward Password Requests to Wall Directory Watch.
[[0;32m  OK  [0m] Started Forward Password Requests to Wall Directory Watch.
[    9.060756] systemd[1]: Reached target Swap.
[[0;32m  OK  [0m] Reached target Swap.
[    9.069361] systemd[1]: Created slice System Slice.
[[0;32m  OK  [0m] Created slice System Slice.
[[0;32m  OK  [0m] Listening on Device-mapper event daemon FIFOs.
[[0;32m  OK  [0m] Listening on udev Kernel Socket.
[[0;32m  OK  [0m] Listening on Syslog Socket.
[[0;32m  OK  [0m] Listening on Journal Audit Socket.
[[0;32m  OK  [0m] Listening on LVM2 metadata daemon socket.
[[0;32m  OK  [0m] Listening on Network Service Netlink Socket.
[[0;32m  OK  [0m] Created slice system-serial\x2dgetty.slice.
[[0;32m  OK  [0m] Listening on LVM2 poll daemon socket.
[[0;32m  OK  [0m] Listening on udev Control Socket.
[[0;32m  OK  [0m] Listening on Journal Socket.
         Starting Load Kernel Modules...
         Starting udev Coldplug all Devices...
         Starting Monitoring of LVM2 mirrors…ng dmeventd or progress polling...
         Starting Create list of required st…ce nodes for the current kernel...
         Mounting POSIX Message Queue File System...
         Starting Uncomplicated firewall...
[    9.169603] Loading iSCSI transport class v2.0-870.
         Mounting Huge Pages File System...
[[0;32m  OK  [0m] Reached target System Time Synchronized.
         Starting Remount Root and Kernel File Systems...
[[0;32m  OK  [0m] Listening on Journal Socket (/dev/log).
         Starting Journal Service...
         Starting Set the console keyboard layout...
[[0;32m  OK  [0m] Reached target User and Group Name Lookups.
[[0;32m  OK  [0m] Listening on /dev/initctl Compatibility Named Pipe.
         Mounting Kernel Debug File System...
[[0;32m  OK  [0m] Created slice User and Session Slice.
[[0;32m  OK  [0m] Reached target Slices.
[    9.293093] iscsi: registered transport (tcp)
[[0;32m  OK  [0m] Started Create list of required sta…vice nodes for the current kernel.
[[0;32m  OK  [0m] Mounted POSIX Message Queue File System.
[[0;32m  OK  [0m] Started Uncomplicated firewall.
[[0;32m  OK  [0m[    9.313175] EXT4-fs (sda1): re-mounted. Opts: (null)
] Mounted Huge Pages File System.
[[0;32m  OK  [0m] Mounted Kernel Debug File System.
[[0;32m  OK  [0m] Started LVM2 metadata daemon.
         Starting Create Static Device Nodes in /dev...
[[0;32m  OK  [0m] Started Remount Root and Kernel File Systems.
         Starting Load/Save Random Seed...
[    9.415582] iscsi: registered transport (iser)
[[0;32m  OK  [0m] Started Load Kernel Modules.
[[0;32m  OK  [0m] Started Monitoring of LVM2 mirrors,…sing dmeventd or progress polling.
[[0;32m  OK  [0m] Started udev Coldplug all Devices.
[[0;32m  OK  [0m] Started Load/Save Random Seed.
         Starting Apply Kernel Variables...
         Mounting FUSE Control File System...
         Mounting Kernel Configuration File System...
[[0;32m  OK  [0m] Mounted Kernel Configuration File System.
[[0;32m  OK  [0m] Mounted FUSE Control File System.
[[0;32m  OK  [0m] Started Journal Service.
         Starting Flush Journal to Persistent Storage...
[[0;32m  OK  [0m] Started Create Static Device Nodes in /dev.
         Starting udev Kernel Device Manager...
[[0;32m  OK  [0m] Started Apply Kernel Variables.
[[0;32m  OK  [0m] Started udev Kernel Device Manager.
[[0;32m  OK  [0m] Started Flush Journal to Persistent Storage.
[[0;32m  OK  [0m] Started Set the console keyboard layout.
[[0;32m  OK  [0m] Started Dispatch Password Requests to Console Directory Watch.
[[0;32m  OK  [0m] Reached target Local Encrypted Volumes.
[[0;32m  OK  [0m] Reached target Local File Systems (Pre).
[[0;32m  OK  [0m] Reached target Local File Systems.
         Starting Commit a transient machine-id on disk...
         Starting Create Volatile Files and Directories...
         Starting Tell Plymouth To Write Out Runtime Data...
         Starting ebtables ruleset management...
         Starting AppArmor initialization...
         Starting Set console font and keymap...
[[0;32m  OK  [0m] Started Tell Plymouth To Write Out Runtime Data.
[[0;32m  OK  [0m] Started Commit a transient machine-id on disk.
[[0;32m  OK  [0m] Started Create Volatile Files and Directories.
         Starting Update UTMP about System Boot/Shutdown...
[[0;32m  OK  [0m] Started Set console font and keymap.
[[0;32m  OK  [0m] Started Update UTMP about System Boot/Shutdown.
[[0;32m  OK  [0m] Started ebtables ruleset management.
[[0;32m  OK  [0m] Found device /dev/ttyS0.
[[0;32m  OK  [0m] Listening on Load/Save RF Kill Switch Status /dev/rfkill Watch.
[[0;32m  OK  [0m] Started AppArmor initialization.
         Starting Load AppArmor profiles managed internally by snapd...
         Starting Initial cloud-init job (pre-networking)...
[[0;32m  OK  [0m] Started Load AppArmor profiles managed internally by snapd.
[   17.753802] cloud-init[587]: Cloud-init v. 20.3-2-g371b392c-0ubuntu1~18.04.1 running 'init-local' at Tue, 24 Nov 2020 10:29:53 +0000. Up 16.62 seconds.
[[0;32m  OK  [0m] Started Initial cloud-init job (pre-networking).
[[0;32m  OK  [0m] Reached target Network (Pre).
         Starting Network Service...
[[0;32m  OK  [0m] Started Network Service.
         Starting Network Name Resolution...
         Starting Wait for Network to be Configured...
[[0;32m  OK  [0m] Started Network Name Resolution.
[[0;32m  OK  [0m] Reached target Host and Network Name Lookups.
[[0;32m  OK  [0m] Reached target Network.
[[0;32m  OK  [0m] Started Wait for Network to be Configured.
         Starting Initial cloud-init job (metadata service crawler)...
[   21.868018] cloud-init[694]: Cloud-init v. 20.3-2-g371b392c-0ubuntu1~18.04.1 running 'init' at Tue, 24 Nov 2020 10:29:58 +0000. Up 21.31 seconds.
[   21.872947] cloud-init[694]: ci-info: ++++++++++++++++++++++++++++++++++++++Net device info++++++++++++++++++++++++++++++++++++++
[   21.875825] cloud-init[694]: ci-info: +--------+------+----------------------------+---------------+--------+-------------------+
[   21.879394] cloud-init[694]: ci-info: | Device |  Up  |          Address           |      Mask     | Scope  |     Hw-Address    |
[   21.882968] cloud-init[694]: ci-info: +--------+------+----------------------------+---------------+--------+-------------------+
[   21.886164] cloud-init[694]: ci-info: | enp0s3 | True |         10.0.2.15          | 255.255.255.0 | global | 02:45:4d:8a:ec:99 |
[   21.890024] cloud-init[694]: ci-info: | enp0s3 | True | fe80::45:4dff:fe8a:ec99/64 |       .       |  link  | 02:45:4d:8a:ec:99 |
[   21.893411] cloud-init[694]: ci-info: |   lo   | True |         127.0.0.1          |   255.0.0.0   |  host  |         .         |
[   21.898331] cloud-init[694]: ci-info: |   lo   | True |          ::1/128           |       .       |  host  |         .         |
[   21.902315] cloud-init[694]: ci-info: +--------+------+----------------------------+---------------+--------+-------------------+
[   21.906329] cloud-init[694]: ci-info: ++++++++++++++++++++++++++++Route IPv4 info+++++++++++++++++++++++++++++
[   21.909774] cloud-init[694]: ci-info: +-------+-------------+----------+-----------------+-----------+-------+
[   21.914352] cloud-init[694]: ci-info: | Route | Destination | Gateway  |     Genmask     | Interface | Flags |
[   21.917159] cloud-init[694]: ci-info: +-------+-------------+----------+-----------------+-----------+-------+
[   21.922874] cloud-init[694]: ci-info: |   0   |   0.0.0.0   | 10.0.2.2 |     0.0.0.0     |   enp0s3  |   UG  |
[   21.926580] cloud-init[694]: ci-info: |   1   |   10.0.2.0  | 0.0.0.0  |  255.255.255.0  |   enp0s3  |   U   |
[   21.929184] cloud-init[694]: ci-info: |   2   |   10.0.2.2  | 0.0.0.0  | 255.255.255.255 |   enp0s3  |   UH  |
[   21.932145] cloud-init[694]: ci-info: +-------+-------------+----------+-----------------+-----------+-------+
[   21.935110] cloud-init[694]: ci-info: +++++++++++++++++++Route IPv6 info+++++++++++++++++++
[   21.938515] cloud-init[694]: ci-info: +-------+-------------+---------+-----------+-------+
[   21.940815] cloud-init[694]: ci-info: | Route | Destination | Gateway | Interface | Flags |
[   21.944609] cloud-init[694]: ci-info: +-------+-------------+---------+-----------+-------+
[   21.948489] cloud-init[694]: ci-info: |   1   |  fe80::/64  |    ::   |   enp0s3  |   U   |
[   21.952818] cloud-init[694]: ci-info: |   3   |    local    |    ::   |   enp0s3  |   U   |
[   21.956160] cloud-init[694]: ci-info: |   4   |   ff00::/8  |    ::   |   enp0s3  |   U   |
[   21.958759] cloud-init[694]: ci-info: +-------+-------------+---------+-----------+-------+
[   23.366727] cloud-init[694]: Generating public/private rsa key pair.
[   23.370867] cloud-init[694]: Your identification has been saved in /etc/ssh/ssh_host_rsa_key.
[   23.376059] cloud-init[694]: Your public key has been saved in /etc/ssh/ssh_host_rsa_key.pub.
[   23.378647] cloud-init[694]: The key fingerprint is:
[   23.380395] cloud-init[694]: SHA256:klwrTr+dFpsGpCa2L2bT7i+Dbx6B9y3uzPx4I9Ck4RA root@ubuntu-bionic
[   23.383043] cloud-init[694]: The key's randomart image is:
[   23.385048] cloud-init[694]: +---[RSA 2048]----+
[   23.386677] cloud-init[694]: |                 |
[   23.388462] cloud-init[694]: |    E            |
[   23.390265] cloud-init[694]: |     .  .        |
[   23.400406] cloud-init[694]: |    .o.oo.       |
[   23.403334] cloud-init[694]: |    .oOBS        |
[   23.406302] cloud-init[694]: |    o+**o..      |
[   23.410373] cloud-init[694]: |   . *o.+..+     |
[   23.412244] cloud-init[694]: |    B =*.=B.     |
[   23.413947] cloud-init[694]: |   o X*=X*+.     |
[   23.415711] cloud-init[694]: +----[SHA256]-----+
[   23.417451] cloud-init[694]: Generating public/private dsa key pair.
[   23.419690] cloud-init[694]: Your identification has been saved in /etc/ssh/ssh_host_dsa_key.
[   23.422244] cloud-init[694]: Your public key has been saved in /etc/ssh/ssh_host_dsa_key.pub.
[   23.425348] cloud-init[694]: The key fingerprint is:
[   23.428613] cloud-init[694]: SHA256:xClztVtWCDkLZXDrB6+gfyb6gae/JXPrVw1KMidd6hs root@ubuntu-bionic
[   23.440357] cloud-init[694]: The key's randomart image is:
[   23.442353] cloud-init[694]: +---[DSA 1024]----+
[   23.445504] cloud-init[694]: |        .o*o ..  |
[   23.448499] cloud-init[694]: |       ..=oo...  |
[   23.451436] cloud-init[694]: |      o =.++oo   |
[   23.454437] cloud-init[694]: |       = .=*= .  |
[   23.457540] cloud-init[694]: |        S oBo. o |
[   23.460749] cloud-init[694]: |       o . oE . .|
[   23.463589] cloud-init[694]: |      o = +  +   |
[   23.465695] cloud-init[694]: |       +.*o.o    |
[   23.467599] cloud-init[694]: |      o+=*o.     |
[   23.469651] cloud-init[694]: +----[SHA256]-----+
[   23.471489] cloud-init[694]: Generating public/private ecdsa key pair.
[   23.473423] cloud-init[694]: Your identification has been saved in /etc/ssh/ssh_host_ecdsa_key.
[   23.479416] cloud-init[694]: Your public key has been saved in /etc/ssh/ssh_host_ecdsa_key.pub.
[   23.483369] cloud-init[694]: The key fingerprint is:
[   23.485716] cloud-init[694]: SHA256:KLhPM0DhfRnv1oOBlKP5kRMe/KnGHm4RNu61KKV+pKg root@ubuntu-bionic
[   23.488232] cloud-init[694]: The key's randomart image is:
[   23.490631] cloud-init[694]: +---[ECDSA 256]---+
[   23.494130] cloud-init[694]: |  .  .o.         |
[   23.496935] cloud-init[694]: | . o .*=         |
[   23.500038] cloud-init[694]: |  o .++*o.       |
[[0;32m  OK  [0m] Started Initial cloud-init job (metadata service crawler).
[   23.517244] [[0;32m  OK  [0m] Reached target System Initialization.
cloud-init[[0;32m  OK  [0m] Started Discard unused blocks once a week.
[[0;32m  OK  [0m] Started Daily apt download activities.
[694]: | . .o.Ooo+       |
[[0;32m  OK  [0m] Listening on UUID daemon activation socket.
[   23.534916] [[0;32m  OK  [0m] Started Daily Cleanup of Temporary Directories.
cloud-init[694]: |  o .=.*S o      |
[   23.551804] cloud-init[694]: |   o .@..  .     |         Starting Socket activation for snappy daemon.
[[0;32m  OK  [0m] Started Message of the Day.

[   23.562557] cloud-init[694]: |  ..+X = .       |
[   23.566697] cloud-init[694]: |  .o+oB .        |
         Starting LXD - unix socket.
[[0;32m  OK  [0m] Listening on ACPID Listen Socket.
[   23.581057] [[0;32m  OK  [0m] Listening on D-Bus System Message Bus Socket.
[[0;32m  OK  [0m] cloud-init[694]: Started Daily apt upgrade and clean activities.
|E. .o+           |
[[0;32m  OK  [0m] Reached target Timers.
[   23.597886] cloud-init[[0;32m  OK  [0m] Started ACPI Events Check.
[[0;32m  OK  [0m] Reached target Paths.
[[0;32m  OK  [0m] Listening on Open-iSCSI iscsid Socket.
[694]: +----[SHA256]-----+
[[0;32m  OK  [0m] Reached target Network is Online.
[[0;32m  OK  [0m] Reached target Remote File Systems (Pre).
[   23.616953] [[0;32m  OK  [0m] Reached target Remote File Systems.
cloud-init[694]: Generating public/private ed25519 key pair.
         Starting Availability of block devices...
[   23.624888] cloud-init[694]: Your identification has been saved in /etc/ssh/ssh_host_ed25519_key.
[[0;32m  OK  [0m] Reached target Cloud-config availability.
[   23.635474] [[0;32m  OK  [0m] Listening on Socket activation for snappy daemon.
[[0;32m  OK  [0m] Listening on LXD - unix socket.
[[0;32m  OK  [0m] Started Availability of block devices.
[[0;32m  OK  [0m] Reached target Sockets.cloud-init[694]: Your public key has been saved in /etc/ssh/ssh_host_ed25519_key.pub.

[[0;32m  OK  [0m] Reached target Basic System.
[   23.750299] cloud-init[694]: The key fingerprint is:
[   23.753115] cloud-init[694]: SHA256:mdSPvsyEPtJZjdr3xTlQq9Hyh1mdMHnp2p7SR6bxJlk root@ubuntu-bionic
[[0;32m  OK  [0m] Started Regular background program processing daemon.
[   23.777549] cloud-init         Starting Permit User Sessions...
[694]: The key's randomart image is:
         Starting LSB: Record successful boot for GRUB...
[   23.796338] cloud-init[694]: +--[ED25519 256]--+
[   23.800661]          Starting Pollinate to seed the pseudo random number generator...
[[0;32m  OK  [0m] Started D-Bus System Message Bus.
cloud-init[694]: |                 |
[   23.890257] cloud-init[694]: |         .    . .|
[   23.901231] cloud-init[694]: |        . .  + + |
[   23.922395] cloud-init[694]: |       . o o  B +|
[   23.932649] cloud-init[694]: |        S .o.+ =o|
[   23.937629] cloud-init[694]: |         oo . X=E|
[   23.964499] cloud-init[694]: |       ..=o  o+&+|
[   23.969890] cloud-init[694]: |      ..=+....=oB|
[   23.975710] cloud-init[694]: |       ...+. .o=.|
[   23.981418] cloud-init[694]: +----[SHA256]-----+
         Starting Dispatcher daemon for systemd-networkd...
         Starting System Logging Service...
         Starting Login Service...
         Starting Accounts Service...
         Starting LSB: automatic crash report generation...
         Starting LXD - container startup/shutdown...
         Starting Virtualbox guest utils...
[[0;32m  OK  [0m] Started Deferred execution scheduler.
[[0;32m  OK  [0m] Started FUSE filesystem for LXC.
[[0;32m  OK  [0m] Started irqbalance daemon.
         Starting Snap Daemon...
[[0;32m  OK  [0m] Started Permit User Sessions.
         Starting Hold until boot process finishes up...
         Starting Terminate Plymouth Boot Screen...
[[0;32m  OK  [0m] Started Hold until boot process finishes up.
[[0;32m  OK  [0m] Started Serial Getty on ttyS0.
         Starting Set console scheme...
[[0;32m  OK  [0m] Started Terminate Plymouth Boot Screen.
[[0;32m  OK  [0m] Started System Logging Service.
[[0;32m  OK  [0m] Started Login Service.
[[0;32m  OK  [0m] Started Unattended Upgrades Shutdown.
[[0;32m  OK  [0m] Started Set console scheme.
[[0;32m  OK  [0m] Created slice system-getty.slice.
[[0;32m  OK  [0m] Started Getty on tty1.
[[0;32m  OK  [0m] Reached target Login Prompts.
         Starting Authorization Manager...
[[0;32m  OK  [0m] Started LSB: automatic crash report generation.
[[0;32m  OK  [0m] Started LSB: Record successful boot for GRUB.
[[0;32m  OK  [0m] Started Authorization Manager.
[[0;32m  OK  [0m] Started Accounts Service.
[[0;32m  OK  [0m] Started Virtualbox guest utils.
[[0;32m  OK  [0m] Started LXD - container startup/shutdown.
[[0;32m  OK  [0m] Started Dispatcher daemon for systemd-networkd.
[[0;32m  OK  [0m] Started Pollinate to seed the pseudo random number generator.
         Starting OpenBSD Secure Shell server...
[[0;32m  OK  [0m] Started Snap Daemon.
         Starting Wait until snapd is fully seeded...
[[0;32m  OK  [0m] Started OpenBSD Secure Shell server.
[[0;32m  OK  [0m] Created slice User Slice of vagrant.
         Starting User Manager for UID 1000...
[[0;32m  OK  [0m] Started Session 1 of user vagrant.
[[0;32m  OK  [0m] Started User Manager for UID 1000.
[[0;32m  OK  [0m] Started Wait until snapd is fully seeded.
         Starting Apply the settings specified in cloud-config...
[[0;32m  OK  [0m] Reached target Multi-User System.
[[0;32m  OK  [0m] Reached target Graphical Interface.
         Starting Update UTMP about System Runlevel Changes...
[[0;32m  OK  [0m] Started Update UTMP about System Runlevel Changes.

Ubuntu 18.04.5 LTS ubuntu-bionic ttyS0

ubuntu-bionic login: [   33.782087] cloud-init[1117]: Cloud-init v. 20.3-2-g371b392c-0ubuntu1~18.04.1 running 'modules:config' at Tue, 24 Nov 2020 10:30:08 +0000. Up 31.75 seconds.
ci-info: no authorized SSH keys fingerprints found for user ubuntu.
<14>Nov 24 10:30:13 ec2: 
<14>Nov 24 10:30:13 ec2: #############################################################
<14>Nov 24 10:30:13 ec2: -----BEGIN SSH HOST KEY FINGERPRINTS-----
<14>Nov 24 10:30:13 ec2: 1024 SHA256:xClztVtWCDkLZXDrB6+gfyb6gae/JXPrVw1KMidd6hs root@ubuntu-bionic (DSA)
<14>Nov 24 10:30:13 ec2: 256 SHA256:KLhPM0DhfRnv1oOBlKP5kRMe/KnGHm4RNu61KKV+pKg root@ubuntu-bionic (ECDSA)
<14>Nov 24 10:30:13 ec2: 256 SHA256:mdSPvsyEPtJZjdr3xTlQq9Hyh1mdMHnp2p7SR6bxJlk root@ubuntu-bionic (ED25519)
<14>Nov 24 10:30:13 ec2: 2048 SHA256:klwrTr+dFpsGpCa2L2bT7i+Dbx6B9y3uzPx4I9Ck4RA root@ubuntu-bionic (RSA)
<14>Nov 24 10:30:13 ec2: -----END SSH HOST KEY FINGERPRINTS-----
<14>Nov 24 10:30:13 ec2: #############################################################
-----BEGIN SSH HOST KEY KEYS-----
ecdsa-sha2-nistp256 AAAAE2VjZHNhLXNoYTItbmlzdHAyNTYAAAAIbmlzdHAyNTYAAABBBCpGJRYzZQTVu35vxUnIdEIwrkzefKAl8SoBPGwNPCzFWgHg1/kGLplFaMKoPsDPvelZRPtP/CsCDJev/zwIC18= root@ubuntu-bionic
ssh-ed25519 AAAAC3NzaC1lZDI1NTE5AAAAICPg95mSnf4XS4co4EdbVFX+aVzbF0jbunNaTV9d4/md root@ubuntu-bionic
ssh-rsa AAAAB3NzaC1yc2EAAAADAQABAAABAQCwAHDCH+WQ9cKVb5zNdnI31GHU7yXOFdlaeAtw8VCyncE8ZPOYpSADNCnECF/XrwyiIfk2R87Yso8WT8VgtvEn9VhibbuRmcoYmONE5cRRBSYdcdnkeGLlTB6IIo8WLz22ED/NMDLFFvJqVuG70AbsHAQv8yjLYzN3HfoVst/lO6Vx4aFdX+dWcfi0qeweGNFAtZgBCvy67wnGT/v9D+lS78wxGvAAUl2qWb5nID14qo6soGSoy2PNZJnVilHkpWq8tiMTJZNdLRvw3C5h35ilmZBtLNbQfIgJkCkASxSf/2thfZ8B+32ZsAjMe/OijN1tt1tY8sCcwJKS5qwx+R8F root@ubuntu-bionic
-----END SSH HOST KEY KEYS-----
[   36.359697] cloud-init[1254]: Cloud-init v. 20.3-2-g371b392c-0ubuntu1~18.04.1 running 'modules:final' at Tue, 24 Nov 2020 10:30:12 +0000. Up 35.85 seconds.
[   36.359936] cloud-init[1254]: ci-info: no authorized SSH keys fingerprints found for user ubuntu.
[   36.360579] cloud-init[1254]: Cloud-init v. 20.3-2-g371b392c-0ubuntu1~18.04.1 finished at Tue, 24 Nov 2020 10:30:13 +0000. Datasource DataSourceNoCloud [seed=/dev/sdb][dsmode=net].  Up 36.32 seconds
[[0;32m  OK  [0m] Stopped Unattended Upgrades Shutdown.
[[0;32m  OK  [0m] Closed Load/Save RF Kill Switch Status /dev/rfkill Watch.
         Stopping Session 5 of user vagrant.
         Stopping User Manager for UID 1000...
[[0;32m  OK  [0m] Stopped target Graphical Interface.
[[0;32m  OK  [0m] Stopped target Timers.
[[0;32m  OK  [0m] Stopped Daily Cleanup of Temporary Directories.
         Stopping Availability of block devices...
[[0;32m  OK  [0m] Stopped Message of the Day.
[[0;32m  OK  [0m] Stopped Daily apt upgrade and clean activities.
[[0;32m  OK  [0m] Stopped Daily apt download activities.
[[0;32m  OK  [0m] Stopped Discard unused blocks once a week.
[[0;32m  OK  [0m] Stopped target System Time Synchronized.
[[0;32m  OK  [0m] Stopped target Cloud-init target.
[[0;32m  OK  [0m] Stopped Execute cloud user/final scripts.
[[0;32m  OK  [0m] Stopped target Multi-User System.
         Stopping FUSE filesystem for LXC...
         Stopping Virtualbox guest utils...
         Stopping System Logging Service...
         Stopping Dispatcher daemon for systemd-networkd...
         Stopping LXD - container startup/shutdown...
         Stopping Deferred execution scheduler...
         Stopping Regular background program processing daemon...
[[0;32m  OK  [0m] Stopped target Login Prompts.
         Stopping LSB: automatic crash report generation...
         Stopping irqbalance daemon...
[[0;32m  OK  [0m] Stopped Apply the settings specified in cloud-config.
[[0;32m  OK  [0m] Stopped target Cloud-config availability.
[[0;32m  OK  [0m] Stopped Wait until snapd is fully seeded.
         Stopping D-Bus System Message Bus...
         Stopping OpenBSD Secure Shell server...
[[0;32m  OK  [0m] Stopped target Host and Network Name Lookups.
[[0;32m  OK  [0m] Stopped target Network is Online.
         Stopping Getty on tty1...
         Stopping LSB: Record successful boot for GRUB...
         Stopping Authorization Manager...
         Stopping Accounts Service...
         Stopping Serial Getty on ttyS0...
[[0;32m  OK  [0m] Unmounted /var/lib/lxcfs.
[[0;32m  OK  [0m] Stopped Regular background program processing daemon.
[[0;32m  OK  [0m] Stopped Dispatcher daemon for systemd-networkd.
[[0;32m  OK  [0m] Stopped System Logging Service.
[[0;32m  OK  [0m] Stopped Accounts Service.
[[0;32m  OK  [0m] Stopped Deferred execution scheduler.
[[0;32m  OK  [0m] Stopped irqbalance daemon.
[[0;32m  OK  [0m] Stopped Serial Getty on ttyS0.
[[0;32m  OK  [0m] Stopped Getty on tty1.
[[0;32m  OK  [0m] Stopped Authorization Manager.
[[0;32m  OK  [0m] Stopped OpenBSD Secure Shell server.
[[0;32m  OK  [0m] Stopped User Manager for UID 1000.
[[0;32m  OK  [0m] Stopped Availability of block devices.
[[0;32m  OK  [0m] Stopped D-Bus System Message Bus.
[[0;32m  OK  [0m] Stopped FUSE filesystem for LXC.
[[0;32m  OK  [0m] Stopped Session 5 of user vagrant.
[[0;32m  OK  [0m] Stopped LXD - container startup/shutdown.
[[0;32m  OK  [0m] Removed slice User Slice of vagrant.
         Stopping Login Service...
[[0;32m  OK  [0m] Removed slice system-getty.slice.
         Stopping Permit User Sessions...
[[0;32m  OK  [0m] Removed slice system-serial\x2dgetty.slice.
[[0;32m  OK  [0m] Stopped LSB: Record successful boot for GRUB.
[[0;32m  OK  [0m] Stopped Permit User Sessions.
[[0;32m  OK  [0m] Stopped target Network.
         Stopping Network Name Resolution...
[[0;32m  OK  [0m] Stopped LSB: automatic crash report generation.
[[0;32m  OK  [0m] Stopped target Remote File Systems.
[[0;32m  OK  [0m] Stopped target Remote File Systems (Pre).
[[0;32m  OK  [0m] Stopped Network Name Resolution.
[[0;32m  OK  [0m] Stopped Login Service.
[[0;32m  OK  [0m] Stopped target User and Group Name Lookups.
[[0;32m  OK  [0m] Stopped Virtualbox guest utils.
[[0;32m  OK  [0m] Stopped target Basic System.
[[0;32m  OK  [0m] Stopped target Slices.
[[0;32m  OK  [0m] Removed slice User and Session Slice.
[[0;32m  OK  [0m] Stopped target Sockets.
[[0;32m  OK  [0m] Closed Open-iSCSI iscsid Socket.
[[0;32m  OK  [0m] Closed Socket activation for snappy daemon.
[[0;32m  OK  [0m] Closed D-Bus System Message Bus Socket.
[[0;32m  OK  [0m] Closed LXD - unix socket.
[[0;32m  OK  [0m] Closed Syslog Socket.
[[0;32m  OK  [0m] Closed UUID daemon activation socket.
[[0;32m  OK  [0m] Closed ACPID Listen Socket.
[[0;32m  OK  [0m] Stopped target Paths.
[[0;32m  OK  [0m] Stopped ACPI Events Check.
[[0;32m  OK  [0m] Stopped target System Initialization.
[[0;32m  OK  [0m] Stopped Initial cloud-init job (metadata service crawler).
[[0;32m  OK  [0m] Stopped Wait for Network to be Configured.
         Stopping Network Service...
         Stopping Update UTMP about System Boot/Shutdown...
[[0;32m  OK  [0m] Stopped target Local Encrypted Volumes.
[[0;32m  OK  [0m] Stopped Forward Password Requests to Wall Directory Watch.
[[0;32m  OK  [0m] Stopped Dispatch Password Requests to Console Directory Watch.
[[0;32m  OK  [0m] Stopped Commit a transient machine-id on disk.
         Stopping Load/Save Random Seed...
[[0;32m  OK  [0m] Stopped Update UTMP about System Boot/Shutdown.
[[0;32m  OK  [0m] Stopped Network Service.
[[0;32m  OK  [0m] Stopped Load/Save Random Seed.
[[0;32m  OK  [0m] Stopped Apply Kernel Variables.
[[0;32m  OK  [0m] Stopped Load Kernel Modules.
[[0;32m  OK  [0m] Stopped target Network (Pre).
[[0;32m  OK  [0m] Stopped Initial cloud-init job (pre-networking).
[[0;32m  OK  [0m] Stopped Create Volatile Files and Directories.
[[0;32m  OK  [0m] Stopped target Local File Systems.
         Unmounting /vagrant...
         Unmounting /run/user/1000...
[[0;32m  OK  [0m] Unmounted /run/user/1000.
[[0;32m  OK  [0m] Stopped target Swap.
[[0;32m  OK  [0m] Unmounted /vagrant.
[[0;32m  OK  [0m] Reached target Unmount All Filesystems.
[[0;32m  OK  [0m] Stopped target Local File Systems (Pre).
[[0;32m  OK  [0m] Stopped Remount Root and Kernel File Systems.
         Stopping Monitoring of LVM2 mirrors…ng dmeventd or progress polling...
[[0;32m  OK  [0m] Stopped Create Static Device Nodes in /dev.
[[0;32m  OK  [0m] Reached target Shutdown.
[[0;32m  OK  [0m] Reached target Final Step.
         Starting Power-Off...
[  296.746601] reboot: Power down
